C:\USERS\OWNER\DESKTOP\3D POLYGON MESHING\DEBUG\CAMERA.OBJ
C:\USERS\OWNER\DESKTOP\3D POLYGON MESHING\DEBUG\CAMERAVIEW.OBJ
C:\USERS\OWNER\DESKTOP\3D POLYGON MESHING\DEBUG\MESH.OBJ
C:\USERS\OWNER\DESKTOP\3D POLYGON MESHING\DEBUG\NORMAL.OBJ
C:\USERS\OWNER\DESKTOP\3D POLYGON MESHING\DEBUG\PROJ1.OBJ
C:\USERS\OWNER\DESKTOP\3D POLYGON MESHING\DEBUG\SHAPE.OBJ
C:\USERS\OWNER\DESKTOP\3D POLYGON MESHING\DEBUG\VC110.PDB
C:\USERS\OWNER\DESKTOP\3D POLYGON MESHING\DEBUG\MAIN.OBJ
C:\USERS\OWNER\DESKTOP\3D POLYGON MESHING\DEBUG\PROJ1.ILK
C:\USERS\OWNER\DESKTOP\3D POLYGON MESHING\DEBUG\PROJ1.EXE
C:\USERS\OWNER\DESKTOP\3D POLYGON MESHING\DEBUG\PROJ1.PDB
C:\Users\Owner\Desktop\3D Polygon Meshing\Debug\Camera.obj
C:\Users\Owner\Desktop\3D Polygon Meshing\Debug\CameraView.obj
C:\Users\Owner\Desktop\3D Polygon Meshing\Debug\main.obj
C:\Users\Owner\Desktop\3D Polygon Meshing\Debug\Mesh.obj
C:\Users\Owner\Desktop\3D Polygon Meshing\Debug\Normal.obj
C:\Users\Owner\Desktop\3D Polygon Meshing\Debug\proj1.obj
C:\Users\Owner\Desktop\3D Polygon Meshing\Debug\Shape.obj
C:\Users\Owner\Desktop\3D Polygon Meshing\Debug\Proj1.ilk
C:\Users\Owner\Desktop\3D Polygon Meshing\Debug\cl.command.1.tlog
C:\Users\Owner\Desktop\3D Polygon Meshing\Debug\CL.read.1.tlog
C:\Users\Owner\Desktop\3D Polygon Meshing\Debug\CL.write.1.tlog
C:\Users\Owner\Desktop\3D Polygon Meshing\Debug\link-cvtres.read.1.tlog
C:\Users\Owner\Desktop\3D Polygon Meshing\Debug\link-cvtres.write.1.tlog
C:\Users\Owner\Desktop\3D Polygon Meshing\Debug\link-rc.read.1.tlog
C:\Users\Owner\Desktop\3D Polygon Meshing\Debug\link-rc.write.1.tlog
C:\Users\Owner\Desktop\3D Polygon Meshing\Debug\link.2820-cvtres.read.1.tlog
C:\Users\Owner\Desktop\3D Polygon Meshing\Debug\link.2820-cvtres.write.1.tlog
C:\Users\Owner\Desktop\3D Polygon Meshing\Debug\link.2820-rc.read.1.tlog
C:\Users\Owner\Desktop\3D Polygon Meshing\Debug\link.2820-rc.write.1.tlog
C:\Users\Owner\Desktop\3D Polygon Meshing\Debug\link.2820.read.1.tlog
C:\Users\Owner\Desktop\3D Polygon Meshing\Debug\link.2820.write.1.tlog
C:\Users\Owner\Desktop\3D Polygon Meshing\Debug\link.4808-cvtres.read.1.tlog
C:\Users\Owner\Desktop\3D Polygon Meshing\Debug\link.4808-cvtres.write.1.tlog
C:\Users\Owner\Desktop\3D Polygon Meshing\Debug\link.4808-rc.read.1.tlog
C:\Users\Owner\Desktop\3D Polygon Meshing\Debug\link.4808-rc.write.1.tlog
C:\Users\Owner\Desktop\3D Polygon Meshing\Debug\link.4808.read.1.tlog
C:\Users\Owner\Desktop\3D Polygon Meshing\Debug\link.4808.write.1.tlog
C:\Users\Owner\Desktop\3D Polygon Meshing\Debug\link.600-cvtres.read.1.tlog
C:\Users\Owner\Desktop\3D Polygon Meshing\Debug\link.600-cvtres.write.1.tlog
C:\Users\Owner\Desktop\3D Polygon Meshing\Debug\link.600-rc.read.1.tlog
C:\Users\Owner\Desktop\3D Polygon Meshing\Debug\link.600-rc.write.1.tlog
C:\Users\Owner\Desktop\3D Polygon Meshing\Debug\link.600.read.1.tlog
C:\Users\Owner\Desktop\3D Polygon Meshing\Debug\link.600.write.1.tlog
C:\Users\Owner\Desktop\3D Polygon Meshing\Debug\link.6268-cvtres.read.1.tlog
C:\Users\Owner\Desktop\3D Polygon Meshing\Debug\link.6268-cvtres.write.1.tlog
C:\Users\Owner\Desktop\3D Polygon Meshing\Debug\link.6268-rc.read.1.tlog
C:\Users\Owner\Desktop\3D Polygon Meshing\Debug\link.6268-rc.write.1.tlog
C:\Users\Owner\Desktop\3D Polygon Meshing\Debug\link.6268.read.1.tlog
C:\Users\Owner\Desktop\3D Polygon Meshing\Debug\link.6268.write.1.tlog
C:\Users\Owner\Desktop\3D Polygon Meshing\Debug\link.6320-cvtres.read.1.tlog
C:\Users\Owner\Desktop\3D Polygon Meshing\Debug\link.6320-cvtres.write.1.tlog
C:\Users\Owner\Desktop\3D Polygon Meshing\Debug\link.6320-rc.read.1.tlog
C:\Users\Owner\Desktop\3D Polygon Meshing\Debug\link.6320-rc.write.1.tlog
C:\Users\Owner\Desktop\3D Polygon Meshing\Debug\link.6320.read.1.tlog
C:\Users\Owner\Desktop\3D Polygon Meshing\Debug\link.6320.write.1.tlog
C:\Users\Owner\Desktop\3D Polygon Meshing\Debug\link.6340-cvtres.read.1.tlog
C:\Users\Owner\Desktop\3D Polygon Meshing\Debug\link.6340-cvtres.write.1.tlog
C:\Users\Owner\Desktop\3D Polygon Meshing\Debug\link.6340-rc.read.1.tlog
C:\Users\Owner\Desktop\3D Polygon Meshing\Debug\link.6340-rc.write.1.tlog
C:\Users\Owner\Desktop\3D Polygon Meshing\Debug\link.6340.read.1.tlog
C:\Users\Owner\Desktop\3D Polygon Meshing\Debug\link.6340.write.1.tlog
C:\Users\Owner\Desktop\3D Polygon Meshing\Debug\link.6524-cvtres.read.1.tlog
C:\Users\Owner\Desktop\3D Polygon Meshing\Debug\link.6524-cvtres.write.1.tlog
C:\Users\Owner\Desktop\3D Polygon Meshing\Debug\link.6524-rc.read.1.tlog
C:\Users\Owner\Desktop\3D Polygon Meshing\Debug\link.6524-rc.write.1.tlog
C:\Users\Owner\Desktop\3D Polygon Meshing\Debug\link.6524.read.1.tlog
C:\Users\Owner\Desktop\3D Polygon Meshing\Debug\link.6524.write.1.tlog
C:\Users\Owner\Desktop\3D Polygon Meshing\Debug\link.command.1.tlog
C:\Users\Owner\Desktop\3D Polygon Meshing\Debug\link.read.1.tlog
C:\Users\Owner\Desktop\3D Polygon Meshing\Debug\link.write.1.tlog
C:\Users\Owner\Desktop\3D Polygon Meshing\Debug\vc110.idb
C:\Users\Owner\Desktop\3D Polygon Meshing\Debug\Proj1.pdb
C:\Users\Owner\Desktop\3D Polygon Meshing\Debug\vc110.pdb
C:\Users\Owner\Desktop\3D Polygon Meshing\Debug\Proj1.exe
